{"mode": "train", "ver": "v3", "name": "all", "stock_code": ["005930", "005380", "035720"], "rl_method": "a3c", "net": "lstm", "backend": "pytorch", "start_date": "20180101", "end_date": "20191231", "lr": 0.001, "discount_factor": 0.7, "balance": 100000000}
[005930] RL:a3c NET:lstm LR:0.001 DF:0.7 
[005380] RL:a3c NET:lstm LR:0.001 DF:0.7 
[035720] RL:a3c NET:lstm LR:0.001 DF:0.7 
[005380][Epoch 001/100] Epsilon:1.0000 #Expl.:486/486 #Buy:152 #Sell:149 #Hold:185 #Stocks:737 PV:97,534,882 Loss:0.701384 ET:1.3724
[005930][Epoch 001/100] Epsilon:1.0000 #Expl.:486/486 #Buy:151 #Sell:170 #Hold:165 #Stocks:346 PV:101,538,587 Loss:0.721993 ET:1.5040
[035720][Epoch 001/100] Epsilon:1.0000 #Expl.:486/486 #Buy:147 #Sell:151 #Hold:188 #Stocks:3091 PV:126,449,021 Loss:0.728830 ET:1.2539
[005380][Epoch 002/100] Epsilon:0.9899 #Expl.:481/486 #Buy:159 #Sell:152 #Hold:175 #Stocks:493 PV:76,817,761 Loss:0.707748 ET:1.1364
[005930][Epoch 002/100] Epsilon:0.9899 #Expl.:482/486 #Buy:161 #Sell:157 #Hold:168 #Stocks:1838 PV:107,389,705 Loss:0.711967 ET:1.1583
[035720][Epoch 002/100] Epsilon:0.9899 #Expl.:484/486 #Buy:153 #Sell:148 #Hold:185 #Stocks:3329 PV:107,012,576 Loss:0.713239 ET:1.0682
[035720][Epoch 003/100] Epsilon:0.9798 #Expl.:481/486 #Buy:155 #Sell:171 #Hold:160 #Stocks:619 PV:102,271,415 Loss:0.698783 ET:0.9494
[005380][Epoch 003/100] Epsilon:0.9798 #Expl.:475/486 #Buy:158 #Sell:153 #Hold:175 #Stocks:695 PV:89,815,509 Loss:0.695624 ET:1.1538
[005930][Epoch 003/100] Epsilon:0.9798 #Expl.:478/486 #Buy:150 #Sell:140 #Hold:196 #Stocks:1625 PV:101,667,112 Loss:0.702061 ET:1.1329
[035720][Epoch 004/100] Epsilon:0.9697 #Expl.:471/486 #Buy:168 #Sell:170 #Hold:148 #Stocks:2839 PV:111,722,659 Loss:0.704549 ET:1.0646
[005380][Epoch 004/100] Epsilon:0.9697 #Expl.:463/486 #Buy:146 #Sell:131 #Hold:209 #Stocks:625 PV:75,387,969 Loss:0.698033 ET:1.1123
[005930][Epoch 004/100] Epsilon:0.9697 #Expl.:476/486 #Buy:148 #Sell:138 #Hold:200 #Stocks:1713 PV:107,973,353 Loss:0.703649 ET:1.0895
[005380][Epoch 005/100] Epsilon:0.9596 #Expl.:468/486 #Buy:153 #Sell:150 #Hold:183 #Stocks:659 PV:87,472,945 Loss:0.696166 ET:1.0292
[035720][Epoch 005/100] Epsilon:0.9596 #Expl.:456/486 #Buy:145 #Sell:135 #Hold:206 #Stocks:4314 PV:132,454,531 Loss:0.726477 ET:1.1797
[005930][Epoch 005/100] Epsilon:0.9596 #Expl.:467/486 #Buy:172 #Sell:165 #Hold:149 #Stocks:2013 PV:117,260,375 Loss:0.708482 ET:1.0652
[005930][Epoch 006/100] Epsilon:0.9495 #Expl.:451/486 #Buy:141 #Sell:139 #Hold:206 #Stocks:1181 PV:104,252,121 Loss:0.700483 ET:0.9395
[005380][Epoch 006/100] Epsilon:0.9495 #Expl.:458/486 #Buy:156 #Sell:143 #Hold:187 #Stocks:622 PV:75,021,069 Loss:0.698562 ET:1.1215
[035720][Epoch 006/100] Epsilon:0.9495 #Expl.:462/486 #Buy:154 #Sell:146 #Hold:186 #Stocks:3337 PV:121,276,307 Loss:0.716060 ET:1.1390
[005380][Epoch 007/100] Epsilon:0.9394 #Expl.:453/486 #Buy:162 #Sell:166 #Hold:158 #Stocks:236 PV:85,621,617 Loss:0.695559 ET:1.0149
[035720][Epoch 007/100] Epsilon:0.9394 #Expl.:453/486 #Buy:152 #Sell:142 #Hold:192 #Stocks:3191 PV:116,506,087 Loss:0.711405 ET:1.0877
[005930][Epoch 007/100] Epsilon:0.9394 #Expl.:460/486 #Buy:164 #Sell:153 #Hold:169 #Stocks:1729 PV:109,815,561 Loss:0.702677 ET:1.3267
[005380][Epoch 008/100] Epsilon:0.9293 #Expl.:445/486 #Buy:151 #Sell:135 #Hold:200 #Stocks:632 PV:81,191,483 Loss:0.697137 ET:1.1640
[035720][Epoch 008/100] Epsilon:0.9293 #Expl.:444/486 #Buy:148 #Sell:139 #Hold:199 #Stocks:2882 PV:110,700,280 Loss:0.702077 ET:1.1041
[005930][Epoch 008/100] Epsilon:0.9293 #Expl.:454/486 #Buy:164 #Sell:157 #Hold:165 #Stocks:2170 PV:125,841,294 Loss:0.711698 ET:1.1058
[035720][Epoch 009/100] Epsilon:0.9192 #Expl.:446/486 #Buy:160 #Sell:154 #Hold:172 #Stocks:3384 PV:121,240,681 Loss:0.710445 ET:1.0432
[005380][Epoch 009/100] Epsilon:0.9192 #Expl.:443/486 #Buy:145 #Sell:137 #Hold:204 #Stocks:283 PV:75,106,473 Loss:0.698170 ET:1.1716
[005930][Epoch 009/100] Epsilon:0.9192 #Expl.:443/486 #Buy:162 #Sell:153 #Hold:171 #Stocks:1561 PV:108,734,467 Loss:0.701261 ET:1.0941
[005380][Epoch 010/100] Epsilon:0.9091 #Expl.:451/486 #Buy:162 #Sell:147 #Hold:177 #Stocks:684 PV:82,467,629 Loss:0.696517 ET:1.0293
[035720][Epoch 010/100] Epsilon:0.9091 #Expl.:437/486 #Buy:151 #Sell:137 #Hold:198 #Stocks:3902 PV:124,545,673 Loss:0.714530 ET:1.6250
[005930][Epoch 010/100] Epsilon:0.9091 #Expl.:444/486 #Buy:165 #Sell:156 #Hold:165 #Stocks:1491 PV:104,019,991 Loss:0.697262 ET:2.0400
[005380][Epoch 011/100] Epsilon:0.8990 #Expl.:434/486 #Buy:155 #Sell:142 #Hold:189 #Stocks:582 PV:85,300,361 Loss:0.695491 ET:1.9147
[035720][Epoch 011/100] Epsilon:0.8990 #Expl.:434/486 #Buy:168 #Sell:153 #Hold:165 #Stocks:3696 PV:118,268,640 Loss:0.710125 ET:1.3409
[005930][Epoch 011/100] Epsilon:0.8990 #Expl.:426/486 #Buy:167 #Sell:150 #Hold:169 #Stocks:2189 PV:122,183,700 Loss:0.706783 ET:1.1837
[005380][Epoch 012/100] Epsilon:0.8889 #Expl.:423/486 #Buy:159 #Sell:144 #Hold:183 #Stocks:734 PV:93,572,707 Loss:0.695275 ET:1.1193
[035720][Epoch 012/100] Epsilon:0.8889 #Expl.:430/486 #Buy:158 #Sell:144 #Hold:184 #Stocks:3835 PV:132,533,308 Loss:0.718107 ET:1.1219
[005930][Epoch 012/100] Epsilon:0.8889 #Expl.:428/486 #Buy:156 #Sell:139 #Hold:191 #Stocks:1877 PV:109,399,975 Loss:0.700402 ET:1.1180
[005380][Epoch 013/100] Epsilon:0.8788 #Expl.:430/486 #Buy:139 #Sell:123 #Hold:224 #Stocks:568 PV:81,602,661 Loss:0.696614 ET:1.1142
[035720][Epoch 013/100] Epsilon:0.8788 #Expl.:425/486 #Buy:153 #Sell:141 #Hold:192 #Stocks:3060 PV:122,006,315 Loss:0.715706 ET:1.1130
[005930][Epoch 013/100] Epsilon:0.8788 #Expl.:424/486 #Buy:170 #Sell:154 #Hold:162 #Stocks:1748 PV:102,369,145 Loss:0.699342 ET:1.1179
[005380][Epoch 014/100] Epsilon:0.8687 #Expl.:420/486 #Buy:156 #Sell:139 #Hold:191 #Stocks:570 PV:73,469,493 Loss:0.699272 ET:1.1258
[035720][Epoch 014/100] Epsilon:0.8687 #Expl.:415/486 #Buy:149 #Sell:134 #Hold:203 #Stocks:3379 PV:118,411,476 Loss:0.708286 ET:1.1234
[005930][Epoch 014/100] Epsilon:0.8687 #Expl.:415/486 #Buy:160 #Sell:144 #Hold:182 #Stocks:1856 PV:108,575,773 Loss:0.700773 ET:1.1193
[005380][Epoch 015/100] Epsilon:0.8586 #Expl.:415/486 #Buy:156 #Sell:145 #Hold:185 #Stocks:362 PV:79,507,642 Loss:0.696557 ET:1.1211
[035720][Epoch 015/100] Epsilon:0.8586 #Expl.:425/486 #Buy:152 #Sell:132 #Hold:202 #Stocks:3800 PV:116,662,256 Loss:0.709170 ET:1.1136
[005930][Epoch 015/100] Epsilon:0.8586 #Expl.:433/486 #Buy:162 #Sell:146 #Hold:178 #Stocks:2151 PV:120,050,491 Loss:0.702530 ET:1.1280
[005380][Epoch 016/100] Epsilon:0.8485 #Expl.:416/486 #Buy:149 #Sell:131 #Hold:206 #Stocks:657 PV:83,812,369 Loss:0.696187 ET:1.1062
[035720][Epoch 016/100] Epsilon:0.8485 #Expl.:416/486 #Buy:142 #Sell:128 #Hold:216 #Stocks:3459 PV:116,088,916 Loss:0.710766 ET:1.1165
[005930][Epoch 016/100] Epsilon:0.8485 #Expl.:395/486 #Buy:153 #Sell:141 #Hold:192 #Stocks:1662 PV:120,358,673 Loss:0.702051 ET:1.1136
[005380][Epoch 017/100] Epsilon:0.8384 #Expl.:399/486 #Buy:149 #Sell:143 #Hold:194 #Stocks:559 PV:100,515,033 Loss:0.695468 ET:1.1181
[035720][Epoch 017/100] Epsilon:0.8384 #Expl.:405/486 #Buy:141 #Sell:135 #Hold:210 #Stocks:1668 PV:116,933,613 Loss:0.707458 ET:1.2857
[005930][Epoch 017/100] Epsilon:0.8384 #Expl.:416/486 #Buy:151 #Sell:135 #Hold:200 #Stocks:1701 PV:110,017,905 Loss:0.700007 ET:1.2764
[005380][Epoch 018/100] Epsilon:0.8283 #Expl.:394/486 #Buy:137 #Sell:123 #Hold:226 #Stocks:443 PV:73,462,204 Loss:0.698939 ET:1.2975
[035720][Epoch 018/100] Epsilon:0.8283 #Expl.:397/486 #Buy:146 #Sell:128 #Hold:212 #Stocks:3398 PV:119,397,466 Loss:0.707147 ET:1.1348
[005930][Epoch 018/100] Epsilon:0.8283 #Expl.:404/486 #Buy:137 #Sell:121 #Hold:228 #Stocks:1589 PV:108,793,204 Loss:0.698939 ET:1.1467
[005380][Epoch 019/100] Epsilon:0.8182 #Expl.:393/486 #Buy:135 #Sell:138 #Hold:213 #Stocks:228 PV:92,236,007 Loss:0.696751 ET:1.1346
[035720][Epoch 019/100] Epsilon:0.8182 #Expl.:406/486 #Buy:137 #Sell:121 #Hold:228 #Stocks:3573 PV:114,338,100 Loss:0.712435 ET:1.1333
[005930][Epoch 019/100] Epsilon:0.8182 #Expl.:391/486 #Buy:139 #Sell:122 #Hold:225 #Stocks:1975 PV:110,248,065 Loss:0.699683 ET:1.1301
[005380][Epoch 020/100] Epsilon:0.8081 #Expl.:397/486 #Buy:147 #Sell:132 #Hold:207 #Stocks:666 PV:95,649,580 Loss:0.694842 ET:1.1268
[035720][Epoch 020/100] Epsilon:0.8081 #Expl.:382/486 #Buy:137 #Sell:132 #Hold:217 #Stocks:2899 PV:126,557,320 Loss:0.708002 ET:1.8840
[005930][Epoch 020/100] Epsilon:0.8081 #Expl.:398/486 #Buy:142 #Sell:125 #Hold:219 #Stocks:2047 PV:114,322,357 Loss:0.701122 ET:2.5815
[005380][Epoch 021/100] Epsilon:0.7980 #Expl.:398/486 #Buy:151 #Sell:136 #Hold:199 #Stocks:725 PV:87,421,959 Loss:0.695901 ET:2.6419
[035720][Epoch 021/100] Epsilon:0.7980 #Expl.:392/486 #Buy:144 #Sell:133 #Hold:209 #Stocks:3138 PV:125,851,487 Loss:0.714612 ET:1.8598
[005930][Epoch 021/100] Epsilon:0.7980 #Expl.:380/486 #Buy:134 #Sell:121 #Hold:231 #Stocks:1511 PV:108,910,483 Loss:0.696536 ET:1.1226
[005380][Epoch 022/100] Epsilon:0.7879 #Expl.:387/486 #Buy:146 #Sell:133 #Hold:207 #Stocks:689 PV:96,923,450 Loss:0.694161 ET:1.1335
[035720][Epoch 022/100] Epsilon:0.7879 #Expl.:382/486 #Buy:137 #Sell:122 #Hold:227 #Stocks:3500 PV:122,093,714 Loss:0.710660 ET:1.1238
[005930][Epoch 022/100] Epsilon:0.7879 #Expl.:390/486 #Buy:128 #Sell:117 #Hold:241 #Stocks:2028 PV:118,201,036 Loss:0.702358 ET:1.1281
[005380][Epoch 023/100] Epsilon:0.7778 #Expl.:369/486 #Buy:142 #Sell:122 #Hold:222 #Stocks:674 PV:81,227,360 Loss:0.696939 ET:1.1156
[035720][Epoch 023/100] Epsilon:0.7778 #Expl.:373/486 #Buy:133 #Sell:113 #Hold:240 #Stocks:3838 PV:119,037,001 Loss:0.707198 ET:1.1227
[005930][Epoch 023/100] Epsilon:0.7778 #Expl.:376/486 #Buy:134 #Sell:128 #Hold:224 #Stocks:1181 PV:118,060,860 Loss:0.697168 ET:1.1238
[005380][Epoch 024/100] Epsilon:0.7677 #Expl.:365/486 #Buy:134 #Sell:126 #Hold:226 #Stocks:502 PV:103,089,836 Loss:0.695365 ET:1.1237
[035720][Epoch 024/100] Epsilon:0.7677 #Expl.:356/486 #Buy:162 #Sell:142 #Hold:182 #Stocks:3929 PV:120,639,578 Loss:0.711441 ET:1.1251
[005930][Epoch 024/100] Epsilon:0.7677 #Expl.:360/486 #Buy:122 #Sell:104 #Hold:260 #Stocks:1988 PV:115,908,762 Loss:0.701004 ET:1.1201
[005380][Epoch 025/100] Epsilon:0.7576 #Expl.:372/486 #Buy:139 #Sell:122 #Hold:225 #Stocks:654 PV:89,258,689 Loss:0.695359 ET:1.1188
[035720][Epoch 025/100] Epsilon:0.7576 #Expl.:371/486 #Buy:145 #Sell:127 #Hold:214 #Stocks:3594 PV:115,419,148 Loss:0.706708 ET:1.1357
[005930][Epoch 025/100] Epsilon:0.7576 #Expl.:351/486 #Buy:135 #Sell:117 #Hold:234 #Stocks:1839 PV:107,775,352 Loss:0.698258 ET:1.1340
[005380][Epoch 026/100] Epsilon:0.7475 #Expl.:370/486 #Buy:140 #Sell:122 #Hold:224 #Stocks:689 PV:88,289,624 Loss:0.696002 ET:1.1220
[035720][Epoch 026/100] Epsilon:0.7475 #Expl.:370/486 #Buy:143 #Sell:130 #Hold:213 #Stocks:3297 PV:126,463,706 Loss:0.716940 ET:1.1223
[005930][Epoch 026/100] Epsilon:0.7475 #Expl.:368/486 #Buy:121 #Sell:105 #Hold:260 #Stocks:1650 PV:112,355,038 Loss:0.698834 ET:1.1177
[005380][Epoch 027/100] Epsilon:0.7374 #Expl.:355/486 #Buy:135 #Sell:117 #Hold:234 #Stocks:641 PV:77,271,935 Loss:0.697672 ET:1.2285
[035720][Epoch 027/100] Epsilon:0.7374 #Expl.:343/486 #Buy:128 #Sell:117 #Hold:241 #Stocks:2386 PV:115,021,235 Loss:0.707714 ET:1.2296
[005930][Epoch 027/100] Epsilon:0.7374 #Expl.:364/486 #Buy:148 #Sell:128 #Hold:210 #Stocks:1974 PV:115,473,621 Loss:0.702728 ET:1.2363
[005380][Epoch 028/100] Epsilon:0.7273 #Expl.:356/486 #Buy:139 #Sell:123 #Hold:224 #Stocks:573 PV:84,536,311 Loss:0.696936 ET:1.1194
[035720][Epoch 028/100] Epsilon:0.7273 #Expl.:364/486 #Buy:134 #Sell:123 #Hold:229 #Stocks:2328 PV:121,689,009 Loss:0.708814 ET:1.1247
[005930][Epoch 028/100] Epsilon:0.7273 #Expl.:349/486 #Buy:131 #Sell:120 #Hold:235 #Stocks:1371 PV:112,179,007 Loss:0.698011 ET:1.1336
[005380][Epoch 029/100] Epsilon:0.7172 #Expl.:354/486 #Buy:113 #Sell:96 #Hold:277 #Stocks:647 PV:87,911,038 Loss:0.696455 ET:1.1358
[035720][Epoch 029/100] Epsilon:0.7172 #Expl.:348/486 #Buy:117 #Sell:112 #Hold:257 #Stocks:1253 PV:124,057,144 Loss:0.706776 ET:1.1380
[005930][Epoch 029/100] Epsilon:0.7172 #Expl.:356/486 #Buy:134 #Sell:124 #Hold:228 #Stocks:1774 PV:129,294,427 Loss:0.706562 ET:1.1370
[005380][Epoch 030/100] Epsilon:0.7071 #Expl.:358/486 #Buy:129 #Sell:111 #Hold:246 #Stocks:613 PV:78,933,399 Loss:0.697103 ET:1.1315
[035720][Epoch 030/100] Epsilon:0.7071 #Expl.:334/486 #Buy:140 #Sell:133 #Hold:213 #Stocks:1714 PV:109,444,062 Loss:0.706417 ET:1.8670
[005930][Epoch 030/100] Epsilon:0.7071 #Expl.:354/486 #Buy:125 #Sell:107 #Hold:254 #Stocks:1909 PV:111,555,404 Loss:0.700131 ET:2.6404
[005380][Epoch 031/100] Epsilon:0.6970 #Expl.:329/486 #Buy:118 #Sell:112 #Hold:256 #Stocks:415 PV:105,807,076 Loss:0.694595 ET:2.6490
[035720][Epoch 031/100] Epsilon:0.6970 #Expl.:340/486 #Buy:123 #Sell:126 #Hold:237 #Stocks:3 PV:112,667,920 Loss:0.703364 ET:1.8819
[005930][Epoch 031/100] Epsilon:0.6970 #Expl.:341/486 #Buy:134 #Sell:115 #Hold:237 #Stocks:1965 PV:109,693,478 Loss:0.697901 ET:1.1298
[005380][Epoch 032/100] Epsilon:0.6869 #Expl.:341/486 #Buy:123 #Sell:104 #Hold:259 #Stocks:689 PV:83,128,737 Loss:0.696424 ET:1.1462
[035720][Epoch 032/100] Epsilon:0.6869 #Expl.:350/486 #Buy:119 #Sell:113 #Hold:254 #Stocks:1704 PV:117,544,164 Loss:0.709186 ET:1.1294
[005930][Epoch 032/100] Epsilon:0.6869 #Expl.:332/486 #Buy:116 #Sell:96 #Hold:274 #Stocks:2044 PV:114,093,192 Loss:0.701092 ET:1.1336
[005380][Epoch 033/100] Epsilon:0.6768 #Expl.:344/486 #Buy:122 #Sell:105 #Hold:259 #Stocks:508 PV:76,694,190 Loss:0.697753 ET:1.1236
[035720][Epoch 033/100] Epsilon:0.6768 #Expl.:318/486 #Buy:135 #Sell:138 #Hold:213 #Stocks:164 PV:111,998,727 Loss:0.699484 ET:1.1225
[005930][Epoch 033/100] Epsilon:0.6768 #Expl.:316/486 #Buy:120 #Sell:114 #Hold:252 #Stocks:1091 PV:117,095,210 Loss:0.699497 ET:1.1247
[005380][Epoch 034/100] Epsilon:0.6667 #Expl.:323/486 #Buy:127 #Sell:112 #Hold:247 #Stocks:609 PV:83,823,303 Loss:0.696140 ET:1.1248
[035720][Epoch 034/100] Epsilon:0.6667 #Expl.:307/486 #Buy:112 #Sell:110 #Hold:264 #Stocks:978 PV:121,672,120 Loss:0.706871 ET:1.1363
[005930][Epoch 034/100] Epsilon:0.6667 #Expl.:313/486 #Buy:117 #Sell:106 #Hold:263 #Stocks:1098 PV:112,271,376 Loss:0.698773 ET:1.1208
[005380][Epoch 035/100] Epsilon:0.6566 #Expl.:305/486 #Buy:123 #Sell:106 #Hold:257 #Stocks:522 PV:78,635,988 Loss:0.696753 ET:1.2043
[035720][Epoch 035/100] Epsilon:0.6566 #Expl.:311/486 #Buy:130 #Sell:134 #Hold:222 #Stocks:0 PV:119,719,309 Loss:0.705134 ET:1.1924
[005930][Epoch 035/100] Epsilon:0.6566 #Expl.:312/486 #Buy:107 #Sell:101 #Hold:278 #Stocks:1005 PV:118,176,174 Loss:0.699559 ET:1.1908
[005380][Epoch 036/100] Epsilon:0.6465 #Expl.:325/486 #Buy:119 #Sell:112 #Hold:255 #Stocks:309 PV:88,639,754 Loss:0.694462 ET:1.1106
[035720][Epoch 036/100] Epsilon:0.6465 #Expl.:304/486 #Buy:134 #Sell:134 #Hold:218 #Stocks:614 PV:116,232,551 Loss:0.701137 ET:1.1051
[005930][Epoch 036/100] Epsilon:0.6465 #Expl.:322/486 #Buy:120 #Sell:100 #Hold:266 #Stocks:1949 PV:108,756,173 Loss:0.699762 ET:1.1128
[005380][Epoch 037/100] Epsilon:0.6364 #Expl.:301/486 #Buy:119 #Sell:100 #Hold:267 #Stocks:631 PV:81,083,569 Loss:0.697008 ET:1.1087
[035720][Epoch 037/100] Epsilon:0.6364 #Expl.:310/486 #Buy:134 #Sell:127 #Hold:225 #Stocks:1747 PV:114,723,682 Loss:0.701881 ET:1.0995
[005930][Epoch 037/100] Epsilon:0.6364 #Expl.:310/486 #Buy:126 #Sell:109 #Hold:251 #Stocks:1994 PV:116,338,711 Loss:0.698825 ET:1.1070
[005380][Epoch 038/100] Epsilon:0.6263 #Expl.:307/486 #Buy:126 #Sell:106 #Hold:254 #Stocks:637 PV:76,844,772 Loss:0.696991 ET:1.1070
[035720][Epoch 038/100] Epsilon:0.6263 #Expl.:310/486 #Buy:118 #Sell:110 #Hold:258 #Stocks:1812 PV:117,571,802 Loss:0.704536 ET:1.1094
[005930][Epoch 038/100] Epsilon:0.6263 #Expl.:322/486 #Buy:102 #Sell:90 #Hold:294 #Stocks:1262 PV:111,183,488 Loss:0.698548 ET:1.1055
[005380][Epoch 039/100] Epsilon:0.6162 #Expl.:296/486 #Buy:127 #Sell:112 #Hold:247 #Stocks:627 PV:88,960,186 Loss:0.697411 ET:1.1182
[035720][Epoch 039/100] Epsilon:0.6162 #Expl.:290/486 #Buy:129 #Sell:129 #Hold:228 #Stocks:661 PV:112,616,899 Loss:0.703779 ET:1.1064
[005930][Epoch 039/100] Epsilon:0.6162 #Expl.:302/486 #Buy:118 #Sell:102 #Hold:266 #Stocks:1803 PV:115,737,828 Loss:0.700996 ET:1.1159
[005380][Epoch 040/100] Epsilon:0.6061 #Expl.:285/486 #Buy:101 #Sell:82 #Hold:303 #Stocks:689 PV:83,079,480 Loss:0.696028 ET:1.1240
[035720][Epoch 040/100] Epsilon:0.6061 #Expl.:297/486 #Buy:138 #Sell:144 #Hold:204 #Stocks:0 PV:118,513,149 Loss:0.701087 ET:1.8473
[005930][Epoch 040/100] Epsilon:0.6061 #Expl.:315/486 #Buy:114 #Sell:95 #Hold:277 #Stocks:1889 PV:105,422,862 Loss:0.697170 ET:2.5530
[005380][Epoch 041/100] Epsilon:0.5960 #Expl.:303/486 #Buy:112 #Sell:93 #Hold:281 #Stocks:687 PV:82,786,926 Loss:0.696515 ET:2.5814
[035720][Epoch 041/100] Epsilon:0.5960 #Expl.:291/486 #Buy:129 #Sell:122 #Hold:235 #Stocks:1594 PV:110,378,869 Loss:0.700729 ET:1.9367
[005930][Epoch 041/100] Epsilon:0.5960 #Expl.:296/486 #Buy:119 #Sell:110 #Hold:257 #Stocks:1448 PV:116,202,132 Loss:0.699629 ET:1.2330
[005380][Epoch 042/100] Epsilon:0.5859 #Expl.:277/486 #Buy:113 #Sell:96 #Hold:277 #Stocks:526 PV:78,888,025 Loss:0.696994 ET:1.2049
[035720][Epoch 042/100] Epsilon:0.5859 #Expl.:287/486 #Buy:130 #Sell:109 #Hold:247 #Stocks:3753 PV:115,245,376 Loss:0.707362 ET:1.1109
[005930][Epoch 042/100] Epsilon:0.5859 #Expl.:289/486 #Buy:106 #Sell:87 #Hold:293 #Stocks:2030 PV:113,294,400 Loss:0.700971 ET:1.0988
[005380][Epoch 043/100] Epsilon:0.5758 #Expl.:286/486 #Buy:117 #Sell:98 #Hold:271 #Stocks:623 PV:75,119,820 Loss:0.697687 ET:1.1204
[035720][Epoch 043/100] Epsilon:0.5758 #Expl.:267/486 #Buy:108 #Sell:110 #Hold:268 #Stocks:342 PV:114,683,442 Loss:0.701815 ET:1.1202
[005930][Epoch 043/100] Epsilon:0.5758 #Expl.:274/486 #Buy:129 #Sell:112 #Hold:245 #Stocks:1765 PV:108,450,843 Loss:0.699432 ET:1.1293
[005380][Epoch 044/100] Epsilon:0.5657 #Expl.:273/486 #Buy:110 #Sell:93 #Hold:283 #Stocks:598 PV:82,513,772 Loss:0.696648 ET:1.1220
[035720][Epoch 044/100] Epsilon:0.5657 #Expl.:268/486 #Buy:120 #Sell:113 #Hold:253 #Stocks:1653 PV:111,438,662 Loss:0.702757 ET:1.1094
[005930][Epoch 044/100] Epsilon:0.5657 #Expl.:269/486 #Buy:104 #Sell:89 #Hold:293 #Stocks:1563 PV:112,484,901 Loss:0.700028 ET:1.0962
[005380][Epoch 045/100] Epsilon:0.5556 #Expl.:267/486 #Buy:109 #Sell:89 #Hold:288 #Stocks:635 PV:76,546,508 Loss:0.697380 ET:1.0868
[035720][Epoch 045/100] Epsilon:0.5556 #Expl.:272/486 #Buy:118 #Sell:120 #Hold:248 #Stocks:163 PV:106,372,552 Loss:0.698313 ET:1.0891
[005930][Epoch 045/100] Epsilon:0.5556 #Expl.:300/486 #Buy:112 #Sell:96 #Hold:278 #Stocks:1613 PV:105,294,644 Loss:0.697770 ET:1.0875
[005380][Epoch 046/100] Epsilon:0.5455 #Expl.:252/486 #Buy:93 #Sell:74 #Hold:319 #Stocks:570 PV:74,062,496 Loss:0.698400 ET:1.0827
[035720][Epoch 046/100] Epsilon:0.5455 #Expl.:263/486 #Buy:124 #Sell:128 #Hold:234 #Stocks:0 PV:111,382,857 Loss:0.698360 ET:1.0804
[005930][Epoch 046/100] Epsilon:0.5455 #Expl.:267/486 #Buy:116 #Sell:102 #Hold:268 #Stocks:1380 PV:102,394,929 Loss:0.696320 ET:1.0853
[005380][Epoch 047/100] Epsilon:0.5354 #Expl.:233/486 #Buy:88 #Sell:71 #Hold:327 #Stocks:488 PV:74,569,740 Loss:0.698816 ET:1.1875
[035720][Epoch 047/100] Epsilon:0.5354 #Expl.:267/486 #Buy:137 #Sell:140 #Hold:209 #Stocks:0 PV:109,506,451 Loss:0.696783 ET:1.1827
[005930][Epoch 047/100] Epsilon:0.5354 #Expl.:263/486 #Buy:109 #Sell:100 #Hold:277 #Stocks:798 PV:105,820,237 Loss:0.696259 ET:1.1931
[005380][Epoch 048/100] Epsilon:0.5253 #Expl.:249/486 #Buy:104 #Sell:83 #Hold:299 #Stocks:606 PV:73,102,550 Loss:0.699011 ET:1.1017
[035720][Epoch 048/100] Epsilon:0.5253 #Expl.:251/486 #Buy:117 #Sell:119 #Hold:250 #Stocks:46 PV:110,653,228 Loss:0.701761 ET:1.1027
[005930][Epoch 048/100] Epsilon:0.5253 #Expl.:241/486 #Buy:101 #Sell:94 #Hold:291 #Stocks:642 PV:104,951,779 Loss:0.695701 ET:1.1035
[005380][Epoch 049/100] Epsilon:0.5152 #Expl.:230/486 #Buy:111 #Sell:89 #Hold:286 #Stocks:632 PV:76,258,177 Loss:0.697713 ET:1.1083
[035720][Epoch 049/100] Epsilon:0.5152 #Expl.:247/486 #Buy:127 #Sell:121 #Hold:238 #Stocks:1190 PV:106,966,421 Loss:0.703056 ET:1.1118
[005930][Epoch 049/100] Epsilon:0.5152 #Expl.:247/486 #Buy:128 #Sell:113 #Hold:245 #Stocks:1530 PV:110,922,897 Loss:0.699791 ET:1.1169
[005380][Epoch 050/100] Epsilon:0.5051 #Expl.:236/486 #Buy:107 #Sell:88 #Hold:291 #Stocks:662 PV:79,804,440 Loss:0.696971 ET:1.1200
[035720][Epoch 050/100] Epsilon:0.5051 #Expl.:236/486 #Buy:124 #Sell:129 #Hold:233 #Stocks:0 PV:115,680,227 Loss:0.697750 ET:1.8317
[005930][Epoch 050/100] Epsilon:0.5051 #Expl.:235/486 #Buy:98 #Sell:87 #Hold:301 #Stocks:1059 PV:109,945,819 Loss:0.700902 ET:2.5478
[005380][Epoch 051/100] Epsilon:0.4949 #Expl.:236/486 #Buy:105 #Sell:85 #Hold:296 #Stocks:607 PV:83,584,941 Loss:0.696258 ET:2.5343
[035720][Epoch 051/100] Epsilon:0.4949 #Expl.:226/486 #Buy:141 #Sell:136 #Hold:209 #Stocks:838 PV:103,325,535 Loss:0.698623 ET:1.7915
[005930][Epoch 051/100] Epsilon:0.4949 #Expl.:249/486 #Buy:120 #Sell:103 #Hold:263 #Stocks:1499 PV:108,948,522 Loss:0.700900 ET:1.0926
[005380][Epoch 052/100] Epsilon:0.4848 #Expl.:234/486 #Buy:105 #Sell:84 #Hold:297 #Stocks:656 PV:79,111,624 Loss:0.696537 ET:1.1187
[035720][Epoch 052/100] Epsilon:0.4848 #Expl.:231/486 #Buy:148 #Sell:138 #Hold:200 #Stocks:2121 PV:110,079,782 Loss:0.700586 ET:1.1387
[005930][Epoch 052/100] Epsilon:0.4848 #Expl.:231/486 #Buy:129 #Sell:109 #Hold:248 #Stocks:2026 PV:113,088,110 Loss:0.701912 ET:1.1472
[005380][Epoch 053/100] Epsilon:0.4747 #Expl.:238/486 #Buy:107 #Sell:85 #Hold:294 #Stocks:654 PV:78,899,646 Loss:0.696770 ET:1.1139
[035720][Epoch 053/100] Epsilon:0.4747 #Expl.:222/486 #Buy:95 #Sell:93 #Hold:298 #Stocks:780 PV:115,259,583 Loss:0.707977 ET:1.1105
[005930][Epoch 053/100] Epsilon:0.4747 #Expl.:215/486 #Buy:95 #Sell:75 #Hold:316 #Stocks:1853 PV:113,678,414 Loss:0.700648 ET:1.0924
[005380][Epoch 054/100] Epsilon:0.4646 #Expl.:232/486 #Buy:90 #Sell:69 #Hold:327 #Stocks:661 PV:79,740,671 Loss:0.697393 ET:1.0960
[035720][Epoch 054/100] Epsilon:0.4646 #Expl.:229/486 #Buy:100 #Sell:101 #Hold:285 #Stocks:166 PV:115,145,882 Loss:0.707549 ET:1.0993
[005930][Epoch 054/100] Epsilon:0.4646 #Expl.:224/486 #Buy:87 #Sell:69 #Hold:330 #Stocks:1826 PV:112,470,659 Loss:0.699768 ET:1.0957
[005380][Epoch 055/100] Epsilon:0.4545 #Expl.:219/486 #Buy:96 #Sell:76 #Hold:314 #Stocks:597 PV:76,983,367 Loss:0.697813 ET:1.0744
[035720][Epoch 055/100] Epsilon:0.4545 #Expl.:199/486 #Buy:83 #Sell:84 #Hold:319 #Stocks:0 PV:109,640,211 Loss:0.701653 ET:1.1758
[005930][Epoch 055/100] Epsilon:0.4545 #Expl.:208/486 #Buy:91 #Sell:91 #Hold:304 #Stocks:91 PV:103,077,571 Loss:0.694797 ET:1.1888
[005380][Epoch 056/100] Epsilon:0.4444 #Expl.:243/486 #Buy:104 #Sell:84 #Hold:298 #Stocks:647 PV:77,986,444 Loss:0.697523 ET:1.2227
[035720][Epoch 056/100] Epsilon:0.4444 #Expl.:216/486 #Buy:103 #Sell:93 #Hold:290 #Stocks:2109 PV:111,570,853 Loss:0.700708 ET:1.1335
[005930][Epoch 056/100] Epsilon:0.4444 #Expl.:211/486 #Buy:85 #Sell:67 #Hold:334 #Stocks:1840 PV:112,762,081 Loss:0.700027 ET:1.1219
[005380][Epoch 057/100] Epsilon:0.4343 #Expl.:213/486 #Buy:87 #Sell:64 #Hold:335 #Stocks:663 PV:79,934,604 Loss:0.697382 ET:1.0957
[035720][Epoch 057/100] Epsilon:0.4343 #Expl.:204/486 #Buy:89 #Sell:93 #Hold:304 #Stocks:332 PV:118,099,842 Loss:0.705244 ET:1.1007
[005930][Epoch 057/100] Epsilon:0.4343 #Expl.:214/486 #Buy:102 #Sell:78 #Hold:306 #Stocks:1936 PV:113,495,932 Loss:0.699547 ET:1.0925
[005380][Epoch 058/100] Epsilon:0.4242 #Expl.:185/486 #Buy:76 #Sell:56 #Hold:354 #Stocks:651 PV:78,452,081 Loss:0.697210 ET:1.0895
[035720][Epoch 058/100] Epsilon:0.4242 #Expl.:199/486 #Buy:96 #Sell:96 #Hold:294 #Stocks:159 PV:112,400,333 Loss:0.703752 ET:1.1028
[005930][Epoch 058/100] Epsilon:0.4242 #Expl.:198/486 #Buy:80 #Sell:69 #Hold:337 #Stocks:1099 PV:107,732,474 Loss:0.697608 ET:1.0989
[005380][Epoch 059/100] Epsilon:0.4141 #Expl.:216/486 #Buy:107 #Sell:89 #Hold:290 #Stocks:643 PV:82,714,588 Loss:0.696420 ET:1.1032
[035720][Epoch 059/100] Epsilon:0.4141 #Expl.:193/486 #Buy:95 #Sell:86 #Hold:305 #Stocks:1580 PV:111,048,400 Loss:0.699304 ET:1.0916
[005930][Epoch 059/100] Epsilon:0.4141 #Expl.:213/486 #Buy:92 #Sell:71 #Hold:323 #Stocks:1966 PV:114,760,606 Loss:0.698660 ET:1.1023
[005380][Epoch 060/100] Epsilon:0.4040 #Expl.:181/486 #Buy:97 #Sell:74 #Hold:315 #Stocks:618 PV:74,578,656 Loss:0.697212 ET:1.1096
[035720][Epoch 060/100] Epsilon:0.4040 #Expl.:193/486 #Buy:93 #Sell:95 #Hold:298 #Stocks:0 PV:107,993,440 Loss:0.699538 ET:1.7835
[005930][Epoch 060/100] Epsilon:0.4040 #Expl.:193/486 #Buy:79 #Sell:78 #Hold:329 #Stocks:238 PV:110,047,433 Loss:0.696413 ET:2.4737
[005380][Epoch 061/100] Epsilon:0.3939 #Expl.:186/486 #Buy:82 #Sell:61 #Hold:343 #Stocks:644 PV:77,663,304 Loss:0.696919 ET:2.4760
[035720][Epoch 061/100] Epsilon:0.3939 #Expl.:186/486 #Buy:74 #Sell:78 #Hold:334 #Stocks:0 PV:105,771,146 Loss:0.698543 ET:1.7625
[005930][Epoch 061/100] Epsilon:0.3939 #Expl.:188/486 #Buy:77 #Sell:73 #Hold:336 #Stocks:344 PV:107,203,107 Loss:0.696779 ET:1.0762
[005380][Epoch 062/100] Epsilon:0.3838 #Expl.:198/486 #Buy:82 #Sell:62 #Hold:342 #Stocks:650 PV:78,430,982 Loss:0.697409 ET:1.0765
[035720][Epoch 062/100] Epsilon:0.3838 #Expl.:179/486 #Buy:102 #Sell:106 #Hold:278 #Stocks:0 PV:105,261,962 Loss:0.696803 ET:1.0750
[005930][Epoch 062/100] Epsilon:0.3838 #Expl.:189/486 #Buy:87 #Sell:89 #Hold:310 #Stocks:0 PV:110,629,442 Loss:0.697867 ET:1.0732
[005380][Epoch 063/100] Epsilon:0.3737 #Expl.:181/486 #Buy:92 #Sell:72 #Hold:322 #Stocks:650 PV:78,365,288 Loss:0.697055 ET:1.0883
[035720][Epoch 063/100] Epsilon:0.3737 #Expl.:185/486 #Buy:109 #Sell:119 #Hold:258 #Stocks:166 PV:107,806,787 Loss:0.697403 ET:1.0744
[005930][Epoch 063/100] Epsilon:0.3737 #Expl.:192/486 #Buy:79 #Sell:80 #Hold:327 #Stocks:0 PV:110,061,741 Loss:0.697694 ET:1.1494
[005380][Epoch 064/100] Epsilon:0.3636 #Expl.:171/486 #Buy:78 #Sell:58 #Hold:350 #Stocks:592 PV:76,508,698 Loss:0.697411 ET:1.1558
[035720][Epoch 064/100] Epsilon:0.3636 #Expl.:182/486 #Buy:112 #Sell:118 #Hold:256 #Stocks:0 PV:106,031,836 Loss:0.696168 ET:1.1550
[005930][Epoch 064/100] Epsilon:0.3636 #Expl.:178/486 #Buy:73 #Sell:71 #Hold:342 #Stocks:90 PV:105,637,826 Loss:0.695391 ET:1.0746
[005380][Epoch 065/100] Epsilon:0.3535 #Expl.:172/486 #Buy:73 #Sell:51 #Hold:362 #Stocks:658 PV:79,377,823 Loss:0.697060 ET:1.0798
[035720][Epoch 065/100] Epsilon:0.3535 #Expl.:160/486 #Buy:123 #Sell:114 #Hold:249 #Stocks:2679 PV:109,766,221 Loss:0.695697 ET:1.0841
[005930][Epoch 065/100] Epsilon:0.3535 #Expl.:184/486 #Buy:76 #Sell:66 #Hold:344 #Stocks:1051 PV:113,981,638 Loss:0.701604 ET:1.0813
[005380][Epoch 066/100] Epsilon:0.3434 #Expl.:159/486 #Buy:77 #Sell:55 #Hold:354 #Stocks:642 PV:77,463,207 Loss:0.696981 ET:1.0931
[035720][Epoch 066/100] Epsilon:0.3434 #Expl.:174/486 #Buy:105 #Sell:101 #Hold:280 #Stocks:880 PV:116,333,656 Loss:0.710565 ET:1.0938
[005930][Epoch 066/100] Epsilon:0.3434 #Expl.:176/486 #Buy:89 #Sell:92 #Hold:305 #Stocks:0 PV:115,739,329 Loss:0.698138 ET:1.1066
[005380][Epoch 067/100] Epsilon:0.3333 #Expl.:154/486 #Buy:52 #Sell:55 #Hold:379 #Stocks:0 PV:100,180,996 Loss:0.695992 ET:1.1036
[035720][Epoch 067/100] Epsilon:0.3333 #Expl.:165/486 #Buy:70 #Sell:75 #Hold:341 #Stocks:0 PV:99,646,055 Loss:0.696265 ET:1.1037
[005930][Epoch 067/100] Epsilon:0.3333 #Expl.:170/486 #Buy:71 #Sell:78 #Hold:337 #Stocks:0 PV:108,581,631 Loss:0.695553 ET:1.1036
[005380][Epoch 068/100] Epsilon:0.3232 #Expl.:173/486 #Buy:80 #Sell:60 #Hold:346 #Stocks:639 PV:77,076,101 Loss:0.697603 ET:1.1017
[035720][Epoch 068/100] Epsilon:0.3232 #Expl.:178/486 #Buy:87 #Sell:66 #Hold:333 #Stocks:4000 PV:127,595,176 Loss:0.720219 ET:1.1038
[005930][Epoch 068/100] Epsilon:0.3232 #Expl.:144/486 #Buy:71 #Sell:63 #Hold:352 #Stocks:1462 PV:121,775,369 Loss:0.702939 ET:1.1055
[005380][Epoch 069/100] Epsilon:0.3131 #Expl.:145/486 #Buy:75 #Sell:54 #Hold:357 #Stocks:642 PV:77,394,098 Loss:0.696907 ET:1.1240
[035720][Epoch 069/100] Epsilon:0.3131 #Expl.:147/486 #Buy:76 #Sell:77 #Hold:333 #Stocks:166 PV:102,777,176 Loss:0.697137 ET:1.1869
[005930][Epoch 069/100] Epsilon:0.3131 #Expl.:161/486 #Buy:71 #Sell:75 #Hold:340 #Stocks:265 PV:108,528,295 Loss:0.694787 ET:1.1817
[005380][Epoch 070/100] Epsilon:0.3030 #Expl.:140/486 #Buy:58 #Sell:63 #Hold:365 #Stocks:0 PV:108,455,472 Loss:0.694606 ET:1.1837
[035720][Epoch 070/100] Epsilon:0.3030 #Expl.:144/486 #Buy:91 #Sell:84 #Hold:311 #Stocks:994 PV:106,094,321 Loss:0.697136 ET:1.8152
[005930][Epoch 070/100] Epsilon:0.3030 #Expl.:144/486 #Buy:71 #Sell:71 #Hold:344 #Stocks:334 PV:107,038,562 Loss:0.694408 ET:2.4193
[005380][Epoch 071/100] Epsilon:0.2929 #Expl.:146/486 #Buy:59 #Sell:65 #Hold:362 #Stocks:0 PV:99,862,865 Loss:0.693558 ET:2.3902
[035720][Epoch 071/100] Epsilon:0.2929 #Expl.:152/486 #Buy:93 #Sell:93 #Hold:300 #Stocks:0 PV:109,616,516 Loss:0.703356 ET:1.8025
[005930][Epoch 071/100] Epsilon:0.2929 #Expl.:142/486 #Buy:75 #Sell:83 #Hold:328 #Stocks:0 PV:106,982,985 Loss:0.694225 ET:1.0988
[005380][Epoch 072/100] Epsilon:0.2828 #Expl.:145/486 #Buy:95 #Sell:79 #Hold:312 #Stocks:714 PV:96,304,062 Loss:0.694417 ET:1.1091
[035720][Epoch 072/100] Epsilon:0.2828 #Expl.:143/486 #Buy:114 #Sell:101 #Hold:271 #Stocks:2509 PV:107,153,715 Loss:0.697580 ET:1.1099
[005930][Epoch 072/100] Epsilon:0.2828 #Expl.:143/486 #Buy:91 #Sell:94 #Hold:301 #Stocks:0 PV:109,003,924 Loss:0.695721 ET:1.1008
[005380][Epoch 073/100] Epsilon:0.2727 #Expl.:124/486 #Buy:66 #Sell:45 #Hold:375 #Stocks:645 PV:77,785,294 Loss:0.697025 ET:1.1772
[035720][Epoch 073/100] Epsilon:0.2727 #Expl.:118/486 #Buy:63 #Sell:47 #Hold:376 #Stocks:2967 PV:115,472,428 Loss:0.712230 ET:1.1720
[005930][Epoch 073/100] Epsilon:0.2727 #Expl.:124/486 #Buy:64 #Sell:53 #Hold:369 #Stocks:1067 PV:110,847,536 Loss:0.697933 ET:1.1908
[005380][Epoch 074/100] Epsilon:0.2626 #Expl.:128/486 #Buy:63 #Sell:42 #Hold:381 #Stocks:658 PV:79,299,269 Loss:0.696759 ET:1.1445
[035720][Epoch 074/100] Epsilon:0.2626 #Expl.:112/486 #Buy:77 #Sell:55 #Hold:354 #Stocks:3642 PV:121,531,519 Loss:0.716385 ET:1.1532
[005930][Epoch 074/100] Epsilon:0.2626 #Expl.:143/486 #Buy:88 #Sell:84 #Hold:314 #Stocks:1171 PV:121,199,947 Loss:0.700927 ET:1.1504
[005380][Epoch 075/100] Epsilon:0.2525 #Expl.:134/486 #Buy:90 #Sell:87 #Hold:309 #Stocks:0 PV:90,240,613 Loss:0.694969 ET:1.1615
[035720][Epoch 075/100] Epsilon:0.2525 #Expl.:121/486 #Buy:95 #Sell:88 #Hold:303 #Stocks:3198 PV:100,564,529 Loss:0.695044 ET:1.1724
[005930][Epoch 075/100] Epsilon:0.2525 #Expl.:125/486 #Buy:55 #Sell:56 #Hold:375 #Stocks:190 PV:99,978,170 Loss:0.693843 ET:1.1727
[005380][Epoch 076/100] Epsilon:0.2424 #Expl.:113/486 #Buy:66 #Sell:45 #Hold:375 #Stocks:664 PV:80,045,739 Loss:0.696977 ET:1.1153
[035720][Epoch 076/100] Epsilon:0.2424 #Expl.:113/486 #Buy:78 #Sell:68 #Hold:340 #Stocks:3178 PV:108,472,264 Loss:0.694391 ET:1.1026
[005930][Epoch 076/100] Epsilon:0.2424 #Expl.:108/486 #Buy:63 #Sell:63 #Hold:360 #Stocks:190 PV:110,161,818 Loss:0.695207 ET:1.0920
[005380][Epoch 077/100] Epsilon:0.2323 #Expl.:92/486 #Buy:51 #Sell:31 #Hold:404 #Stocks:635 PV:76,540,373 Loss:0.697148 ET:1.1148
[035720][Epoch 077/100] Epsilon:0.2323 #Expl.:102/486 #Buy:70 #Sell:75 #Hold:341 #Stocks:0 PV:123,473,439 Loss:0.712889 ET:1.1236
[005930][Epoch 077/100] Epsilon:0.2323 #Expl.:110/486 #Buy:59 #Sell:61 #Hold:366 #Stocks:0 PV:110,280,807 Loss:0.694989 ET:1.1222
[005380][Epoch 078/100] Epsilon:0.2222 #Expl.:108/486 #Buy:61 #Sell:41 #Hold:384 #Stocks:705 PV:84,972,477 Loss:0.695705 ET:1.0978
[035720][Epoch 078/100] Epsilon:0.2222 #Expl.:110/486 #Buy:43 #Sell:49 #Hold:394 #Stocks:165 PV:108,353,500 Loss:0.694640 ET:1.0895
[005930][Epoch 078/100] Epsilon:0.2222 #Expl.:104/486 #Buy:53 #Sell:54 #Hold:379 #Stocks:193 PV:110,880,311 Loss:0.696073 ET:1.1502
[005380][Epoch 079/100] Epsilon:0.2121 #Expl.:103/486 #Buy:56 #Sell:36 #Hold:394 #Stocks:478 PV:78,062,723 Loss:0.696806 ET:1.1506
[035720][Epoch 079/100] Epsilon:0.2121 #Expl.:94/486 #Buy:51 #Sell:49 #Hold:386 #Stocks:711 PV:117,505,583 Loss:0.712749 ET:1.1463
[005930][Epoch 079/100] Epsilon:0.2121 #Expl.:98/486 #Buy:48 #Sell:51 #Hold:387 #Stocks:89 PV:111,173,958 Loss:0.696101 ET:1.0931
[005380][Epoch 080/100] Epsilon:0.2020 #Expl.:110/486 #Buy:32 #Sell:29 #Hold:425 #Stocks:127 PV:94,720,554 Loss:0.693941 ET:1.0889
[035720][Epoch 080/100] Epsilon:0.2020 #Expl.:86/486 #Buy:48 #Sell:51 #Hold:387 #Stocks:0 PV:116,500,294 Loss:0.709636 ET:1.7452
[005930][Epoch 080/100] Epsilon:0.2020 #Expl.:117/486 #Buy:47 #Sell:50 #Hold:389 #Stocks:0 PV:110,106,159 Loss:0.695374 ET:2.3190
[005380][Epoch 081/100] Epsilon:0.1919 #Expl.:84/486 #Buy:19 #Sell:20 #Hold:447 #Stocks:84 PV:99,499,562 Loss:0.693783 ET:2.4034
[035720][Epoch 081/100] Epsilon:0.1919 #Expl.:94/486 #Buy:62 #Sell:63 #Hold:361 #Stocks:0 PV:109,624,787 Loss:0.700232 ET:1.8373
[005930][Epoch 081/100] Epsilon:0.1919 #Expl.:89/486 #Buy:43 #Sell:49 #Hold:394 #Stocks:0 PV:110,542,154 Loss:0.695709 ET:1.0940
[005380][Epoch 082/100] Epsilon:0.1818 #Expl.:84/486 #Buy:48 #Sell:51 #Hold:387 #Stocks:41 PV:105,291,907 Loss:0.693873 ET:1.1737
[035720][Epoch 082/100] Epsilon:0.1818 #Expl.:86/486 #Buy:60 #Sell:60 #Hold:366 #Stocks:0 PV:105,443,519 Loss:0.698694 ET:1.1740
[005930][Epoch 082/100] Epsilon:0.1818 #Expl.:86/486 #Buy:56 #Sell:60 #Hold:370 #Stocks:0 PV:109,541,818 Loss:0.695052 ET:1.1751
[005380][Epoch 083/100] Epsilon:0.1717 #Expl.:82/486 #Buy:51 #Sell:32 #Hold:403 #Stocks:823 PV:99,218,513 Loss:0.694104 ET:1.0978
[035720][Epoch 083/100] Epsilon:0.1717 #Expl.:97/486 #Buy:63 #Sell:70 #Hold:353 #Stocks:0 PV:118,890,291 Loss:0.699775 ET:1.1135
[005930][Epoch 083/100] Epsilon:0.1717 #Expl.:87/486 #Buy:40 #Sell:45 #Hold:401 #Stocks:0 PV:114,866,895 Loss:0.697140 ET:1.1041
[005380][Epoch 084/100] Epsilon:0.1616 #Expl.:83/486 #Buy:51 #Sell:30 #Hold:405 #Stocks:648 PV:78,201,537 Loss:0.696092 ET:1.1327
[035720][Epoch 084/100] Epsilon:0.1616 #Expl.:80/486 #Buy:52 #Sell:53 #Hold:381 #Stocks:0 PV:109,609,703 Loss:0.703788 ET:1.1525
[005930][Epoch 084/100] Epsilon:0.1616 #Expl.:77/486 #Buy:33 #Sell:36 #Hold:417 #Stocks:0 PV:112,119,595 Loss:0.696445 ET:1.1467
[005380][Epoch 085/100] Epsilon:0.1515 #Expl.:75/486 #Buy:16 #Sell:16 #Hold:454 #Stocks:0 PV:98,635,040 Loss:0.693566 ET:1.1615
[035720][Epoch 085/100] Epsilon:0.1515 #Expl.:86/486 #Buy:50 #Sell:51 #Hold:385 #Stocks:327 PV:109,124,175 Loss:0.701818 ET:1.1643
[005930][Epoch 085/100] Epsilon:0.1515 #Expl.:75/486 #Buy:58 #Sell:58 #Hold:370 #Stocks:411 PV:113,854,940 Loss:0.698187 ET:1.1672
[005380][Epoch 086/100] Epsilon:0.1414 #Expl.:71/486 #Buy:28 #Sell:19 #Hold:439 #Stocks:350 PV:95,493,151 Loss:0.694287 ET:1.1264
[035720][Epoch 086/100] Epsilon:0.1414 #Expl.:70/486 #Buy:45 #Sell:49 #Hold:392 #Stocks:0 PV:117,762,541 Loss:0.698667 ET:1.1043
[005930][Epoch 086/100] Epsilon:0.1414 #Expl.:71/486 #Buy:57 #Sell:55 #Hold:374 #Stocks:364 PV:111,761,812 Loss:0.698685 ET:1.0962
[005380][Epoch 087/100] Epsilon:0.1313 #Expl.:66/486 #Buy:38 #Sell:18 #Hold:430 #Stocks:791 PV:95,338,972 Loss:0.695021 ET:1.0682
[035720][Epoch 087/100] Epsilon:0.1313 #Expl.:77/486 #Buy:60 #Sell:58 #Hold:368 #Stocks:1072 PV:123,773,163 Loss:0.720616 ET:1.0681
[005930][Epoch 087/100] Epsilon:0.1313 #Expl.:75/486 #Buy:42 #Sell:38 #Hold:406 #Stocks:464 PV:113,161,407 Loss:0.700369 ET:1.0702
[005380][Epoch 088/100] Epsilon:0.1212 #Expl.:67/486 #Buy:41 #Sell:21 #Hold:424 #Stocks:654 PV:78,854,379 Loss:0.696051 ET:1.1289
[035720][Epoch 088/100] Epsilon:0.1212 #Expl.:51/486 #Buy:49 #Sell:50 #Hold:387 #Stocks:0 PV:107,133,344 Loss:0.696811 ET:1.1381
[005930][Epoch 088/100] Epsilon:0.1212 #Expl.:55/486 #Buy:59 #Sell:60 #Hold:367 #Stocks:308 PV:113,935,339 Loss:0.698372 ET:1.1398
[005380][Epoch 089/100] Epsilon:0.1111 #Expl.:43/486 #Buy:16 #Sell:17 #Hold:453 #Stocks:45 PV:98,181,535 Loss:0.693933 ET:1.0834
[035720][Epoch 089/100] Epsilon:0.1111 #Expl.:57/486 #Buy:17 #Sell:20 #Hold:449 #Stocks:0 PV:105,010,828 Loss:0.694864 ET:1.0734
[005930][Epoch 089/100] Epsilon:0.1111 #Expl.:51/486 #Buy:20 #Sell:22 #Hold:444 #Stocks:98 PV:104,686,408 Loss:0.694133 ET:1.0731
[005380][Epoch 090/100] Epsilon:0.1010 #Expl.:47/486 #Buy:25 #Sell:17 #Hold:444 #Stocks:349 PV:101,024,033 Loss:0.693843 ET:1.1077
[035720][Epoch 090/100] Epsilon:0.1010 #Expl.:54/486 #Buy:50 #Sell:54 #Hold:382 #Stocks:0 PV:108,933,999 Loss:0.694001 ET:1.7542
[005930][Epoch 090/100] Epsilon:0.1010 #Expl.:57/486 #Buy:41 #Sell:42 #Hold:403 #Stocks:0 PV:108,665,120 Loss:0.696302 ET:2.4598
[005380][Epoch 091/100] Epsilon:0.0909 #Expl.:48/486 #Buy:37 #Sell:16 #Hold:433 #Stocks:640 PV:77,131,535 Loss:0.696288 ET:2.3600
[035720][Epoch 091/100] Epsilon:0.0909 #Expl.:45/486 #Buy:40 #Sell:41 #Hold:405 #Stocks:0 PV:108,244,008 Loss:0.716643 ET:1.6546
[005930][Epoch 091/100] Epsilon:0.0909 #Expl.:52/486 #Buy:21 #Sell:22 #Hold:443 #Stocks:0 PV:99,639,016 Loss:0.693581 ET:1.0906
[005380][Epoch 092/100] Epsilon:0.0808 #Expl.:35/486 #Buy:13 #Sell:14 #Hold:459 #Stocks:42 PV:100,015,501 Loss:0.693892 ET:1.0954
[035720][Epoch 092/100] Epsilon:0.0808 #Expl.:49/486 #Buy:19 #Sell:22 #Hold:445 #Stocks:0 PV:98,470,978 Loss:0.694385 ET:1.1971
[005930][Epoch 092/100] Epsilon:0.0808 #Expl.:38/486 #Buy:22 #Sell:24 #Hold:440 #Stocks:93 PV:99,986,683 Loss:0.693624 ET:1.2030
[005380][Epoch 093/100] Epsilon:0.0707 #Expl.:36/486 #Buy:34 #Sell:14 #Hold:438 #Stocks:725 PV:87,457,764 Loss:0.695447 ET:1.2220
[035720][Epoch 093/100] Epsilon:0.0707 #Expl.:32/486 #Buy:75 #Sell:63 #Hold:348 #Stocks:2002 PV:105,738,365 Loss:0.704496 ET:1.0992
[005930][Epoch 093/100] Epsilon:0.0707 #Expl.:27/486 #Buy:31 #Sell:34 #Hold:421 #Stocks:89 PV:111,469,451 Loss:0.695995 ET:1.1185
[005380][Epoch 094/100] Epsilon:0.0606 #Expl.:34/486 #Buy:34 #Sell:13 #Hold:439 #Stocks:646 PV:77,899,413 Loss:0.696714 ET:1.1031
[035720][Epoch 094/100] Epsilon:0.0606 #Expl.:21/486 #Buy:38 #Sell:35 #Hold:413 #Stocks:844 PV:102,753,467 Loss:0.694814 ET:1.0939
[005930][Epoch 094/100] Epsilon:0.0606 #Expl.:36/486 #Buy:32 #Sell:36 #Hold:418 #Stocks:0 PV:106,912,991 Loss:0.694524 ET:1.0943
[005380][Epoch 095/100] Epsilon:0.0505 #Expl.:22/486 #Buy:30 #Sell:15 #Hold:441 #Stocks:531 PV:79,161,244 Loss:0.696267 ET:1.0922
[035720][Epoch 095/100] Epsilon:0.0505 #Expl.:22/486 #Buy:29 #Sell:29 #Hold:428 #Stocks:486 PV:115,554,657 Loss:0.710173 ET:1.0972
[005930][Epoch 095/100] Epsilon:0.0505 #Expl.:23/486 #Buy:23 #Sell:19 #Hold:444 #Stocks:418 PV:102,229,425 Loss:0.693780 ET:1.1026
[005380][Epoch 096/100] Epsilon:0.0404 #Expl.:19/486 #Buy:41 #Sell:20 #Hold:425 #Stocks:639 PV:77,043,850 Loss:0.696692 ET:1.0999
[035720][Epoch 096/100] Epsilon:0.0404 #Expl.:19/486 #Buy:30 #Sell:31 #Hold:425 #Stocks:0 PV:104,475,398 Loss:0.700005 ET:1.1058
[005930][Epoch 096/100] Epsilon:0.0404 #Expl.:16/486 #Buy:39 #Sell:40 #Hold:407 #Stocks:0 PV:103,163,241 Loss:0.693732 ET:1.0909
[005380][Epoch 097/100] Epsilon:0.0303 #Expl.:14/486 #Buy:20 #Sell:23 #Hold:443 #Stocks:1 PV:100,830,515 Loss:0.694150 ET:1.0971
[035720][Epoch 097/100] Epsilon:0.0303 #Expl.:19/486 #Buy:28 #Sell:33 #Hold:425 #Stocks:0 PV:118,342,800 Loss:0.699546 ET:1.0895
[005930][Epoch 097/100] Epsilon:0.0303 #Expl.:17/486 #Buy:23 #Sell:26 #Hold:437 #Stocks:0 PV:100,162,313 Loss:0.693831 ET:1.0883
[005380][Epoch 098/100] Epsilon:0.0202 #Expl.:11/486 #Buy:46 #Sell:46 #Hold:394 #Stocks:0 PV:99,639,586 Loss:0.695571 ET:1.1723
[035720][Epoch 098/100] Epsilon:0.0202 #Expl.:8/486 #Buy:39 #Sell:41 #Hold:406 #Stocks:0 PV:102,848,845 Loss:0.694173 ET:1.1743
[005930][Epoch 098/100] Epsilon:0.0202 #Expl.:10/486 #Buy:88 #Sell:80 #Hold:318 #Stocks:1014 PV:101,359,339 Loss:0.693669 ET:1.1852
[005380][Epoch 099/100] Epsilon:0.0101 #Expl.:6/486 #Buy:21 #Sell:3 #Hold:462 #Stocks:563 PV:77,992,318 Loss:0.696491 ET:1.0890
[035720][Epoch 099/100] Epsilon:0.0101 #Expl.:2/486 #Buy:11 #Sell:12 #Hold:463 #Stocks:0 PV:96,849,182 Loss:0.693304 ET:1.0840
[005930][Epoch 099/100] Epsilon:0.0101 #Expl.:6/486 #Buy:24 #Sell:19 #Hold:443 #Stocks:640 PV:98,904,732 Loss:0.693282 ET:1.0883
[005380][Epoch 100/100] Epsilon:0.0000 #Expl.:0/486 #Buy:35 #Sell:15 #Hold:436 #Stocks:629 PV:75,794,819 Loss:0.697925 ET:1.1057
[005380] Elapsed Time:133.1114 Max PV:108,455,472 #Win:9
[035720][Epoch 100/100] Epsilon:0.0000 #Expl.:0/486 #Buy:20 #Sell:19 #Hold:447 #Stocks:589 PV:114,750,755 Loss:0.712018 ET:1.6735
[035720] Elapsed Time:133.7242 Max PV:132,533,308 #Win:97
[005930][Epoch 100/100] Epsilon:0.0000 #Expl.:0/486 #Buy:20 #Sell:1 #Hold:465 #Stocks:1917 PV:112,087,305 Loss:0.700812 ET:2.1367
[005930] Elapsed Time:134.3034 Max PV:129,294,427 #Win:96
